INFO:root:app.py: app.py initializing (17:13:51)
INFO:root:app.py: Calling getAlloyOreInfo() (17:13:51)
INFO:root:app.py: Succesfully imported all alloy info from AlloyOreInfo.txt (17:13:51)
INFO:root:app.py: app.py initialized (17:13:51)
INFO:root:app.py: You have chosen: Bronze (129/36) (17:14:03)
INFO:root:app.py: Settings info - reading (17:14:03)
INFO:root:app.py: Settings info - read (17:14:03)
INFO:root:app.py: autofillInput() function called (17:14:03)
INFO:root:app.py: autofillInput() function finished (17:14:03)
INFO:root:app.py: adaptRatioSetup() function called (17:14:03)
INFO:root:app.py: adaptRatioSetup() function finished (17:14:03)
INFO:root:app.py: autofillInput() function called (17:14:03)
INFO:root:app.py: autofillInput() function finished (17:14:03)
INFO:root:app.py: adaptRatioSetup() function called (17:14:03)
INFO:root:app.py: adaptRatioSetup() function finished (17:14:03)
INFO:root:app.py: Settings info - reading (17:14:03)
INFO:root:app.py: Settings info - read (17:14:03)
INFO:root:app.py: autofillInput() function called (17:14:03)
INFO:root:app.py: autofillInput() function finished (17:14:03)
INFO:root:app.py: adaptRatioSetup() function called (17:14:03)
INFO:root:app.py: adaptRatioSetup() function finished (17:14:03)
INFO:root:app.py: autofillInput() function called (17:14:03)
INFO:root:app.py: autofillInput() function finished (17:14:03)
INFO:root:app.py: adaptRatioSetup() function called (17:14:03)
INFO:root:app.py: adaptRatioSetup() function finished (17:14:03)
INFO:root:app.py: saveAlloyInfo() called (17:17:09)
INFO:root:app.py: Saved data: (of type <class 'list'>): Type | Bronze (129/36)Ingots | 14mB/ore1 | 129mB/ore2 | 36ratio_ore1 | 70.00%-80.00%ratio_ore2 | 20.00%-30.00%Type | Bronze (129/84)Ingots | 16mB/ore1 | 129mB/ore2 | 84ratio_ore1 | 70.00%-80.00%ratio_ore2 | 20.00%-30.00%Type | Copper (129/31)Ingots | 2mB/ore1 | 129mB/ore2 | 31ratio_ore1 | 0.00%-100.00%ratio_ore2 | 0.00%-100.00%Type | Rose Gold (129/16)Ingots | 14mB/ore1 | 129mB/ore2 | 16ratio_ore1 | 15.00%-30.00%ratio_ore2 | 70.00%-85.00%Type | Bismuth Bronze (129/31/48)Ingots | 14mB/ore1 | 129mB/ore2 | 31mB/ore3 | 48ratio_ore1 | 50.00%-65.00%ratio_ore2 | 20.00%-30.00%ratio_ore3 | 10.00%-20.00% (17:17:09)
INFO:root:app.py: saveAlloyInfo() finished (17:17:09)
